2019-07-12 12:16:50  (git_add_commit_push.sh:101:commit_func) [done]commit with message: 20190712.mdの追加 
2019-07-12 12:16:50  (git_add_commit_push.sh:63:push_func) [done] git push
2019-07-12 12:20:19  (git_add_commit_push.sh:72:add_func) [done] git add .
2019-07-12 12:20:42  (git_add_commit_push.sh:72:add_func) [done] git add .
2019-07-12 12:20:50  (git_add_commit_push.sh:72:add_func) [done] git add .
2019-07-12 12:21:14  (git_add_commit_push.sh:124:commit_func) [done]commit with message: 20190712.mdの追記 
2019-07-12 12:21:14  (git_add_commit_push.sh:64:push_func) [done] git push
2019-07-12 12:27:03  (git_add_commit_push.sh:74:add_func) [done] git add .
2019-07-12 12:27:23  (git_add_commit_push.sh:74:add_func) [done] git add .
2019-07-12 12:28:16  (git_add_commit_push.sh:75:add_func) [done] git add .
2019-07-12 12:28:24  (git_add_commit_push.sh:75:add_func) [done] git add .
2019-07-12 12:28:27  (git_add_commit_push.sh:75:add_func) [done] git add .
2019-07-12 12:29:02  (git_add_commit_push.sh:75:add_func) [done] git add .
2019-07-12 12:29:08  (git_add_commit_push.sh:75:add_func) [done] git add .
2019-07-12 12:30:32  (git_add_commit_push.sh:75:add_func) [done] git add .
2019-07-12 12:32:23  (git_add_commit_push.sh:75:add_func) [done] git add .
2019-07-12 12:32:28  (git_add_commit_push.sh:75:add_func) [done] git add .
2019-07-12 12:32:49  (git_add_commit_push.sh:75:add_func) [done] git add .
2019-07-12 12:35:26  (git_add_commit_push.sh:75:add_func) [done] git add .
2019-07-12 12:36:00  (git_add_commit_push.sh:75:add_func) [done] git add .
2019-07-12 12:37:15  (git_add_commit_push.sh:75:add_func) [done] git add .
2019-07-12 12:37:20  (git_add_commit_push.sh:145:commit_func) [done]commit with message: commit test
2019-07-12 18:31:53  (git_add_commit_push.sh:75:add_func) [done] git add .
